# JRE version: OpenJDK Runtime Environment (8.0_131-b11) (build 1.8.0_131-b11)
# Java VM: OpenJDK 64-Bit Server VM (25.131-b11 mixed mode linux-amd64 compressed oops)
Heap:
 PSYoungGen      total 343552K, used 122411K [0x00000006c0000000, 0x00000006d7080000, 0x00000007c0000000)
  eden space 313856K, 33% used [0x00000006c0000000,0x00000006c655a610,0x00000006d3280000)
  from space 29696K, 62% used [0x00000006d5380000,0x00000006d65b07a8,0x00000006d7080000)
  to   space 31744K, 0% used [0x00000006d3280000,0x00000006d3280000,0x00000006d5180000)
 ParOldGen       total 2514944K, used 146674K [0x00000004c0000000, 0x0000000559800000, 0x00000006c0000000)
  object space 2514944K, 5% used [0x00000004c0000000,0x00000004c8f3c818,0x0000000559800000)
 Metaspace       used 167095K, capacity 178125K, committed 178416K, reserved 1204224K
  class space    used 19656K, capacity 22790K, committed 22824K, reserved 1048576K
GC Heap History (10 events):
Event: 257407.880 GC heap before
{Heap before GC invocations=61 (full 5):
 PSYoungGen      total 338432K, used 337996K [0x00000006c0000000, 0x00000006d8000000, 0x00000007c0000000)
  eden space 321536K, 100% used [0x00000006c0000000,0x00000006d3a00000,0x00000006d3a00000)
  from space 16896K, 97% used [0x00000006d3b80000,0x00000006d4b93058,0x00000006d4c00000)
  to   space 35840K, 0% used [0x00000006d5d00000,0x00000006d5d00000,0x00000006d8000000)
 ParOldGen       total 2514944K, used 143971K [0x00000004c0000000, 0x0000000559800000, 0x00000006c0000000)
  object space 2514944K, 5% used [0x00000004c0000000,0x00000004c8c98ef8,0x0000000559800000)
 Metaspace       used 166407K, capacity 177351K, committed 177648K, reserved 1204224K
  class space    used 19594K, capacity 22725K, committed 22824K, reserved 1048576K
Event: 257407.898 GC heap after
Heap after GC invocations=61 (full 5):
 PSYoungGen      total 351232K, used 20810K [0x00000006c0000000, 0x00000006d7b80000, 0x00000007c0000000)
  eden space 320000K, 0% used [0x00000006c0000000,0x00000006c0000000,0x00000006d3880000)
  from space 31232K, 66% used [0x00000006d5d00000,0x00000006d7152b20,0x00000006d7b80000)
  to   space 34304K, 0% used [0x00000006d3880000,0x00000006d3880000,0x00000006d5a00000)
 ParOldGen       total 2514944K, used 144244K [0x00000004c0000000, 0x0000000559800000, 0x00000006c0000000)
  object space 2514944K, 5% used [0x00000004c0000000,0x00000004c8cdd190,0x0000000559800000)
 Metaspace       used 166407K, capacity 177351K, committed 177648K, reserved 1204224K
  class space    used 19594K, capacity 22725K, committed 22824K, reserved 1048576K
}
Event: 257717.124 GC heap before
{Heap before GC invocations=62 (full 5):
 PSYoungGen      total 351232K, used 340810K [0x00000006c0000000, 0x00000006d7b80000, 0x00000007c0000000)
  eden space 320000K, 100% used [0x00000006c0000000,0x00000006d3880000,0x00000006d3880000)
  from space 31232K, 66% used [0x00000006d5d00000,0x00000006d7152b20,0x00000006d7b80000)
  to   space 34304K, 0% used [0x00000006d3880000,0x00000006d3880000,0x00000006d5a00000)
 ParOldGen       total 2514944K, used 144244K [0x00000004c0000000, 0x0000000559800000, 0x00000006c0000000)
  object space 2514944K, 5% used [0x00000004c0000000,0x00000004c8cdd190,0x0000000559800000)
 Metaspace       used 166562K, capacity 177511K, committed 177904K, reserved 1204224K
  class space    used 19603K, capacity 22757K, committed 22824K, reserved 1048576K
Event: 257717.150 GC heap after
Heap after GC invocations=62 (full 5):
 PSYoungGen      total 344064K, used 25275K [0x00000006c0000000, 0x00000006d7b00000, 0x00000007c0000000)
  eden space 318464K, 0% used [0x00000006c0000000,0x00000006c0000000,0x00000006d3700000)
  from space 25600K, 98% used [0x00000006d3880000,0x00000006d512ef00,0x00000006d5180000)
  to   space 34816K, 0% used [0x00000006d5900000,0x00000006d5900000,0x00000006d7b00000)
 ParOldGen       total 2514944K, used 144404K [0x00000004c0000000, 0x0000000559800000, 0x00000006c0000000)
  object space 2514944K, 5% used [0x00000004c0000000,0x00000004c8d05040,0x0000000559800000)
 Metaspace       used 166562K, capacity 177511K, committed 177904K, reserved 1204224K
  class space    used 19603K, capacity 22757K, committed 22824K, reserved 1048576K
}
Event: 257784.264 GC heap before
{Heap before GC invocations=63 (full 5):
 PSYoungGen      total 344064K, used 343739K [0x00000006c0000000, 0x00000006d7b00000, 0x00000007c0000000)
  eden space 318464K, 100% used [0x00000006c0000000,0x00000006d3700000,0x00000006d3700000)
  from space 25600K, 98% used [0x00000006d3880000,0x00000006d512ef00,0x00000006d5180000)
  to   space 34816K, 0% used [0x00000006d5900000,0x00000006d5900000,0x00000006d7b00000)
 ParOldGen       total 2514944K, used 144404K [0x00000004c0000000, 0x0000000559800000, 0x00000006c0000000)
  object space 2514944K, 5% used [0x00000004c0000000,0x00000004c8d05040,0x0000000559800000)
 Metaspace       used 166725K, capacity 177709K, committed 177904K, reserved 1204224K
  class space    used 19617K, capacity 22758K, committed 22824K, reserved 1048576K
Event: 257784.283 GC heap after
Heap after GC invocations=63 (full 5):
 PSYoungGen      total 347136K, used 21758K [0x00000006c0000000, 0x00000006d7680000, 0x00000007c0000000)
  eden space 316928K, 0% used [0x00000006c0000000,0x00000006c0000000,0x00000006d3580000)
  from space 30208K, 72% used [0x00000006d5900000,0x00000006d6e3f920,0x00000006d7680000)
  to   space 33280K, 0% used [0x00000006d3580000,0x00000006d3580000,0x00000006d5600000)
 ParOldGen       total 2514944K, used 144540K [0x00000004c0000000, 0x0000000559800000, 0x00000006c0000000)
  object space 2514944K, 5% used [0x00000004c0000000,0x00000004c8d27040,0x0000000559800000)
 Metaspace       used 166725K, capacity 177709K, committed 177904K, reserved 1204224K
  class space    used 19617K, capacity 22758K, committed 22824K, reserved 1048576K
}
Event: 258112.275 GC heap before
{Heap before GC invocations=64 (full 5):
 PSYoungGen      total 347136K, used 338686K [0x00000006c0000000, 0x00000006d7680000, 0x00000007c0000000)
  eden space 316928K, 100% used [0x00000006c0000000,0x00000006d3580000,0x00000006d3580000)
  from space 30208K, 72% used [0x00000006d5900000,0x00000006d6e3f920,0x00000006d7680000)
  to   space 33280K, 0% used [0x00000006d3580000,0x00000006d3580000,0x00000006d5600000)
 ParOldGen       total 2514944K, used 144540K [0x00000004c0000000, 0x0000000559800000, 0x00000006c0000000)
  object space 2514944K, 5% used [0x00000004c0000000,0x00000004c8d27040,0x0000000559800000)
 Metaspace       used 166946K, capacity 177933K, committed 178160K, reserved 1204224K
  class space    used 19650K, capacity 22790K, committed 22824K, reserved 1048576K
Event: 258112.294 GC heap after
Heap after GC invocations=64 (full 5):
 PSYoungGen      total 335872K, used 20399K [0x00000006c0000000, 0x00000006d7300000, 0x00000007c0000000)
  eden space 315392K, 0% used [0x00000006c0000000,0x00000006c0000000,0x00000006d3400000)
  from space 20480K, 99% used [0x00000006d3580000,0x00000006d496bfb8,0x00000006d4980000)
  to   space 32256K, 0% used [0x00000006d5380000,0x00000006d5380000,0x00000006d7300000)
 ParOldGen       total 2514944K, used 146566K [0x00000004c0000000, 0x0000000559800000, 0x00000006c0000000)
  object space 2514944K, 5% used [0x00000004c0000000,0x00000004c8f21b58,0x0000000559800000)
 Metaspace       used 166946K, capacity 177933K, committed 178160K, reserved 1204224K
  class space    used 19650K, capacity 22790K, committed 22824K, reserved 1048576K
}
Event: 258209.867 GC heap before
{Heap before GC invocations=65 (full 5):
 PSYoungGen      total 335872K, used 335791K [0x00000006c0000000, 0x00000006d7300000, 0x00000007c0000000)
  eden space 315392K, 100% used [0x00000006c0000000,0x00000006d3400000,0x00000006d3400000)
  from space 20480K, 99% used [0x00000006d3580000,0x00000006d496bfb8,0x00000006d4980000)
  to   space 32256K, 0% used [0x00000006d5380000,0x00000006d5380000,0x00000006d7300000)
 ParOldGen       total 2514944K, used 146566K [0x00000004c0000000, 0x0000000559800000, 0x00000006c0000000)
  object space 2514944K, 5% used [0x00000004c0000000,0x00000004c8f21b58,0x0000000559800000)
 Metaspace       used 167052K, capacity 178061K, committed 178416K, reserved 1204224K
  class space    used 19656K, capacity 22790K, committed 22824K, reserved 1048576K
Event: 258209.884 GC heap after
Heap after GC invocations=65 (full 5):
 PSYoungGen      total 343552K, used 18625K [0x00000006c0000000, 0x00000006d7080000, 0x00000007c0000000)
  eden space 313856K, 0% used [0x00000006c0000000,0x00000006c0000000,0x00000006d3280000)
  from space 29696K, 62% used [0x00000006d5380000,0x00000006d65b07a8,0x00000006d7080000)
  to   space 31744K, 0% used [0x00000006d3280000,0x00000006d3280000,0x00000006d5180000)
 ParOldGen       total 2514944K, used 146674K [0x00000004c0000000, 0x0000000559800000, 0x00000006c0000000)
  object space 2514944K, 5% used [0x00000004c0000000,0x00000004c8f3c818,0x0000000559800000)
 Metaspace       used 167052K, capacity 178061K, committed 178416K, reserved 1204224K
  class space    used 19656K, capacity 22790K, committed 22824K, reserved 1048576K
}

