# JRE version: OpenJDK Runtime Environment (8.0_131-b11) (build 1.8.0_131-b11)
# Java VM: OpenJDK 64-Bit Server VM (25.131-b11 mixed mode linux-amd64 compressed oops)
Heap:
 PSYoungGen      total 132096K, used 90821K [0x0000000715580000, 0x000000071e880000, 0x00000007c0000000)
  eden space 114688K, 73% used [0x0000000715580000,0x000000071a7d4e40,0x000000071c580000)
  from space 17408K, 37% used [0x000000071c600000,0x000000071cc5c630,0x000000071d700000)
  to   space 17920K, 0% used [0x000000071d700000,0x000000071d700000,0x000000071e880000)
 ParOldGen       total 812032K, used 303390K [0x00000005c0000000, 0x00000005f1900000, 0x0000000715580000)
  object space 812032K, 37% used [0x00000005c0000000,0x00000005d2847970,0x00000005f1900000)
 Metaspace       used 179176K, capacity 188516K, committed 188736K, reserved 1214464K
  class space    used 21010K, capacity 23854K, committed 23936K, reserved 1048576K
GC Heap History (10 events):
Event: 100176.876 GC heap before
{Heap before GC invocations=1785 (full 14):
 PSYoungGen      total 135168K, used 130394K [0x0000000715580000, 0x000000071ed00000, 0x00000007c0000000)
  eden space 117248K, 100% used [0x0000000715580000,0x000000071c800000,0x000000071c800000)
  from space 17920K, 73% used [0x000000071db80000,0x000000071e856930,0x000000071ed00000)
  to   space 18944K, 0% used [0x000000071c800000,0x000000071c800000,0x000000071da80000)
 ParOldGen       total 812032K, used 296475K [0x00000005c0000000, 0x00000005f1900000, 0x0000000715580000)
  object space 812032K, 36% used [0x00000005c0000000,0x00000005d2186e78,0x00000005f1900000)
 Metaspace       used 179169K, capacity 188516K, committed 188736K, reserved 1214464K
  class space    used 21008K, capacity 23854K, committed 23936K, reserved 1048576K
Event: 100176.882 GC heap after
Heap after GC invocations=1785 (full 14):
 PSYoungGen      total 130048K, used 13245K [0x0000000715580000, 0x000000071ec80000, 0x00000007c0000000)
  eden space 116736K, 0% used [0x0000000715580000,0x0000000715580000,0x000000071c780000)
  from space 13312K, 99% used [0x000000071c800000,0x000000071d4ef418,0x000000071d500000)
  to   space 18944K, 0% used [0x000000071da00000,0x000000071da00000,0x000000071ec80000)
 ParOldGen       total 812032K, used 296523K [0x00000005c0000000, 0x00000005f1900000, 0x0000000715580000)
  object space 812032K, 36% used [0x00000005c0000000,0x00000005d2192e78,0x00000005f1900000)
 Metaspace       used 179169K, capacity 188516K, committed 188736K, reserved 1214464K
  class space    used 21008K, capacity 23854K, committed 23936K, reserved 1048576K
}
Event: 100354.280 GC heap before
{Heap before GC invocations=1786 (full 14):
 PSYoungGen      total 130048K, used 129981K [0x0000000715580000, 0x000000071ec80000, 0x00000007c0000000)
  eden space 116736K, 100% used [0x0000000715580000,0x000000071c780000,0x000000071c780000)
  from space 13312K, 99% used [0x000000071c800000,0x000000071d4ef418,0x000000071d500000)
  to   space 18944K, 0% used [0x000000071da00000,0x000000071da00000,0x000000071ec80000)
 ParOldGen       total 812032K, used 296523K [0x00000005c0000000, 0x00000005f1900000, 0x0000000715580000)
  object space 812032K, 36% used [0x00000005c0000000,0x00000005d2192e78,0x00000005f1900000)
 Metaspace       used 179169K, capacity 188516K, committed 188736K, reserved 1214464K
  class space    used 21008K, capacity 23854K, committed 23936K, reserved 1048576K
Event: 100354.287 GC heap after
Heap after GC invocations=1786 (full 14):
 PSYoungGen      total 133632K, used 13254K [0x0000000715580000, 0x000000071eb00000, 0x00000007c0000000)
  eden space 116224K, 0% used [0x0000000715580000,0x0000000715580000,0x000000071c700000)
  from space 17408K, 76% used [0x000000071da00000,0x000000071e6f1b00,0x000000071eb00000)
  to   space 18432K, 0% used [0x000000071c700000,0x000000071c700000,0x000000071d900000)
 ParOldGen       total 812032K, used 296611K [0x00000005c0000000, 0x00000005f1900000, 0x0000000715580000)
  object space 812032K, 36% used [0x00000005c0000000,0x00000005d21a8e88,0x00000005f1900000)
 Metaspace       used 179169K, capacity 188516K, committed 188736K, reserved 1214464K
  class space    used 21008K, capacity 23854K, committed 23936K, reserved 1048576K
}
Event: 100539.738 GC heap before
{Heap before GC invocations=1787 (full 14):
 PSYoungGen      total 133632K, used 129478K [0x0000000715580000, 0x000000071eb00000, 0x00000007c0000000)
  eden space 116224K, 100% used [0x0000000715580000,0x000000071c700000,0x000000071c700000)
  from space 17408K, 76% used [0x000000071da00000,0x000000071e6f1b00,0x000000071eb00000)
  to   space 18432K, 0% used [0x000000071c700000,0x000000071c700000,0x000000071d900000)
 ParOldGen       total 812032K, used 296611K [0x00000005c0000000, 0x00000005f1900000, 0x0000000715580000)
  object space 812032K, 36% used [0x00000005c0000000,0x00000005d21a8e88,0x00000005f1900000)
 Metaspace       used 179169K, capacity 188516K, committed 188736K, reserved 1214464K
  class space    used 21008K, capacity 23854K, committed 23936K, reserved 1048576K
Event: 100539.744 GC heap after
Heap after GC invocations=1787 (full 14):
 PSYoungGen      total 128512K, used 12766K [0x0000000715580000, 0x000000071e980000, 0x00000007c0000000)
  eden space 115712K, 0% used [0x0000000715580000,0x0000000715580000,0x000000071c680000)
  from space 12800K, 99% used [0x000000071c700000,0x000000071d377a30,0x000000071d380000)
  to   space 17920K, 0% used [0x000000071d800000,0x000000071d800000,0x000000071e980000)
 ParOldGen       total 812032K, used 297103K [0x00000005c0000000, 0x00000005f1900000, 0x0000000715580000)
  object space 812032K, 36% used [0x00000005c0000000,0x00000005d2223f20,0x00000005f1900000)
 Metaspace       used 179169K, capacity 188516K, committed 188736K, reserved 1214464K
  class space    used 21008K, capacity 23854K, committed 23936K, reserved 1048576K
}
Event: 100716.992 GC heap before
{Heap before GC invocations=1788 (full 14):
 PSYoungGen      total 128512K, used 128478K [0x0000000715580000, 0x000000071e980000, 0x00000007c0000000)
  eden space 115712K, 100% used [0x0000000715580000,0x000000071c680000,0x000000071c680000)
  from space 12800K, 99% used [0x000000071c700000,0x000000071d377a30,0x000000071d380000)
  to   space 17920K, 0% used [0x000000071d800000,0x000000071d800000,0x000000071e980000)
 ParOldGen       total 812032K, used 297103K [0x00000005c0000000, 0x00000005f1900000, 0x0000000715580000)
  object space 812032K, 36% used [0x00000005c0000000,0x00000005d2223f20,0x00000005f1900000)
 Metaspace       used 179169K, capacity 188516K, committed 188736K, reserved 1214464K
  class space    used 21008K, capacity 23854K, committed 23936K, reserved 1048576K
Event: 100716.998 GC heap after
Heap after GC invocations=1788 (full 14):
 PSYoungGen      total 131584K, used 12658K [0x0000000715580000, 0x000000071e800000, 0x00000007c0000000)
  eden space 115200K, 0% used [0x0000000715580000,0x0000000715580000,0x000000071c600000)
  from space 16384K, 77% used [0x000000071d800000,0x000000071e45c950,0x000000071e800000)
  to   space 17408K, 0% used [0x000000071c600000,0x000000071c600000,0x000000071d700000)
 ParOldGen       total 812032K, used 297223K [0x00000005c0000000, 0x00000005f1900000, 0x0000000715580000)
  object space 812032K, 36% used [0x00000005c0000000,0x00000005d2241f70,0x00000005f1900000)
 Metaspace       used 179169K, capacity 188516K, committed 188736K, reserved 1214464K
  class space    used 21008K, capacity 23854K, committed 23936K, reserved 1048576K
}
Event: 100894.395 GC heap before
{Heap before GC invocations=1789 (full 14):
 PSYoungGen      total 131584K, used 127858K [0x0000000715580000, 0x000000071e800000, 0x00000007c0000000)
  eden space 115200K, 100% used [0x0000000715580000,0x000000071c600000,0x000000071c600000)
  from space 16384K, 77% used [0x000000071d800000,0x000000071e45c950,0x000000071e800000)
  to   space 17408K, 0% used [0x000000071c600000,0x000000071c600000,0x000000071d700000)
 ParOldGen       total 812032K, used 297223K [0x00000005c0000000, 0x00000005f1900000, 0x0000000715580000)
  object space 812032K, 36% used [0x00000005c0000000,0x00000005d2241f70,0x00000005f1900000)
 Metaspace       used 179169K, capacity 188516K, committed 188736K, reserved 1214464K
  class space    used 21008K, capacity 23854K, committed 23936K, reserved 1048576K
Event: 100894.400 GC heap after
Heap after GC invocations=1789 (full 14):
 PSYoungGen      total 132096K, used 6513K [0x0000000715580000, 0x000000071e880000, 0x00000007c0000000)
  eden space 114688K, 0% used [0x0000000715580000,0x0000000715580000,0x000000071c580000)
  from space 17408K, 37% used [0x000000071c600000,0x000000071cc5c630,0x000000071d700000)
  to   space 17920K, 0% used [0x000000071d700000,0x000000071d700000,0x000000071e880000)
 ParOldGen       total 812032K, used 303390K [0x00000005c0000000, 0x00000005f1900000, 0x0000000715580000)
  object space 812032K, 37% used [0x00000005c0000000,0x00000005d2847970,0x00000005f1900000)
 Metaspace       used 179169K, capacity 188516K, committed 188736K, reserved 1214464K
  class space    used 21008K, capacity 23854K, committed 23936K, reserved 1048576K
}

